0 info it worked if it ends with ok
1 verbose cli [ '/usr/bin/node', '/usr/bin/npm', 'run-script', 'minify-ui' ]
2 info using npm@1.4.28
3 info using node@v0.10.36
4 verbose node symlink /usr/bin/node
5 verbose run-script [ 'preminify-ui', 'minify-ui', 'postminify-ui' ]
6 info preminify-ui beanstalk-dashboard-for-chrome@0.0.0
7 info minify-ui beanstalk-dashboard-for-chrome@0.0.0
8 verbose unsafe-perm in lifecycle true
9 info beanstalk-dashboard-for-chrome@0.0.0 Failed to exec minify-ui script
10 error beanstalk-dashboard-for-chrome@0.0.0 minify-ui: `browserify -t babelify --extension=.jsx -e src/app.js > js/app.js`
10 error Exit status 1
11 error Failed at the beanstalk-dashboard-for-chrome@0.0.0 minify-ui script.
11 error This is most likely a problem with the beanstalk-dashboard-for-chrome package,
11 error not with npm itself.
11 error Tell the author that this fails on your system:
11 error     browserify -t babelify --extension=.jsx -e src/app.js > js/app.js
11 error You can get their info via:
11 error     npm owner ls beanstalk-dashboard-for-chrome
11 error There is likely additional logging output above.
12 error System Linux 3.13.0-46-generic
13 error command "/usr/bin/node" "/usr/bin/npm" "run-script" "minify-ui"
14 error cwd /home/pascalopitz/Development/beanstalk-dashboard-for-chrome
15 error node -v v0.10.36
16 error npm -v 1.4.28
17 error code ELIFECYCLE
18 verbose exit [ 1, true ]
